2025-03-03 19:58:15,126 - mmcls - CRITICAL - ============Overall Results for iNaturalist============
2025-03-03 19:58:15,126 - mmcls - CRITICAL - AUROC: 0.997947512
2025-03-03 19:58:15,126 - mmcls - CRITICAL - AUPR (In): 0.9995824678405674
2025-03-03 19:58:15,126 - mmcls - CRITICAL - AUPR (Out): 0.9910868980008933
2025-03-03 19:58:15,126 - mmcls - CRITICAL - FPR95: 0.0085
2025-03-03 19:58:15,126 - mmcls - CRITICAL - quick data: 0.997947512,0.9995824678405674,0.9910868980008933,0.0085
2025-03-03 19:58:17,741 - mmcls - CRITICAL - ============Overall Results for SUN============
2025-03-03 19:58:17,742 - mmcls - CRITICAL - AUROC: 0.971761656
2025-03-03 19:58:17,742 - mmcls - CRITICAL - AUPR (In): 0.9938570261944356
2025-03-03 19:58:17,742 - mmcls - CRITICAL - AUPR (Out): 0.8705558572313917
2025-03-03 19:58:17,742 - mmcls - CRITICAL - FPR95: 0.1294
2025-03-03 19:58:17,742 - mmcls - CRITICAL - quick data: 0.971761656,0.9938570261944356,0.8705558572313917,0.1294
2025-03-03 19:58:19,431 - mmcls - CRITICAL - ============Overall Results for Places============
2025-03-03 19:58:19,432 - mmcls - CRITICAL - AUROC: 0.925166765
2025-03-03 19:58:19,432 - mmcls - CRITICAL - AUPR (In): 0.9810648429521276
2025-03-03 19:58:19,432 - mmcls - CRITICAL - AUPR (Out): 0.7531063782227148
2025-03-03 19:58:19,432 - mmcls - CRITICAL - FPR95: 0.3068
2025-03-03 19:58:19,432 - mmcls - CRITICAL - quick data: 0.925166765,0.9810648429521276,0.7531063782227148,0.3068
2025-03-03 19:58:21,824 - mmcls - CRITICAL - ============Overall Results for Textures============
2025-03-03 19:58:21,824 - mmcls - CRITICAL - AUROC: 0.9451160886524823
2025-03-03 19:58:21,824 - mmcls - CRITICAL - AUPR (In): 0.9932225020823209
2025-03-03 19:58:21,824 - mmcls - CRITICAL - AUPR (Out): 0.6766458800863338
2025-03-03 19:58:21,824 - mmcls - CRITICAL - FPR95: 0.3067375886524823
2025-03-03 19:58:21,824 - mmcls - CRITICAL - quick data: 0.9451160886524823,0.9932225020823209,0.6766458800863338,0.3067375886524823
2025-03-03 19:58:21,824 - mmcls - CRITICAL - all quick data: 0.997947512,0.9995824678405674,0.9910868980008933,0.0085,0.971761656,0.9938570261944356,0.8705558572313917,0.1294,0.925166765,0.9810648429521276,0.7531063782227148,0.3068,0.9451160886524823,0.9932225020823209,0.6766458800863338,0.3067375886524823,0.9599980054131205,0.18785939716312056
